<?xml version="1.0" encoding="UTF-8"?>
<coverage generated="1732826497525" clover="3.2.0">
  <project timestamp="1732826497525" name="All files">
    <metrics statements="19" coveredstatements="19" conditionals="1" coveredconditionals="0" methods="11" coveredmethods="11" elements="31" coveredelements="30" complexity="0" loc="19" ncloc="19" packages="1" files="2" classes="2"/>
    <file name="ui.js" path="/home/mpozo/pet_projects/ghAPI_pet_project/src/ui.js">
      <metrics statements="16" coveredstatements="16" conditionals="0" coveredconditionals="0" methods="5" coveredmethods="5"/>
      <line num="5" count="1" type="stmt"/>
      <line num="7" count="1" type="stmt"/>
      <line num="9" count="1" type="stmt"/>
      <line num="11" count="1" type="stmt"/>
      <line num="12" count="3" type="stmt"/>
      <line num="13" count="3" type="stmt"/>
      <line num="14" count="3" type="stmt"/>
      <line num="19" count="1" type="stmt"/>
      <line num="20" count="1" type="stmt"/>
      <line num="21" count="1" type="stmt"/>
      <line num="23" count="1" type="stmt"/>
      <line num="24" count="3" type="stmt"/>
      <line num="25" count="3" type="stmt"/>
      <line num="26" count="3" type="stmt"/>
      <line num="31" count="1" type="stmt"/>
      <line num="32" count="1" type="stmt"/>
    </file>
    <file name="utils.js" path="/home/mpozo/pet_projects/ghAPI_pet_project/src/utils.js">
      <metrics statements="3" coveredstatements="3" conditionals="1" coveredconditionals="0" methods="6" coveredmethods="6"/>
      <line num="3" count="7" type="stmt"/>
      <line num="8" count="12" type="stmt"/>
      <line num="13" count="5" type="stmt"/>
    </file>
  </project>
</coverage>
