<?xml version="1.0" encoding="UTF-8"?>
<coverage generated="1733166502270" clover="3.2.0">
  <project timestamp="1733166502270" name="All files">
    <metrics statements="32" coveredstatements="23" conditionals="10" coveredconditionals="6" methods="14" coveredmethods="13" elements="56" coveredelements="42" complexity="0" loc="32" ncloc="32" packages="1" files="3" classes="3"/>
    <file name="api.js" path="/home/mpozo/pet_projects/ghAPI_pet_project/src/api.js">
      <metrics statements="13" coveredstatements="4" conditionals="9" coveredconditionals="5" methods="3" coveredmethods="2"/>
      <line num="3" count="0" type="stmt"/>
      <line num="4" count="0" type="stmt"/>
      <line num="5" count="0" type="stmt"/>
      <line num="6" count="0" type="cond" truecount="0" falsecount="2"/>
      <line num="8" count="0" type="stmt"/>
      <line num="10" count="0" type="cond" truecount="0" falsecount="2"/>
      <line num="11" count="0" type="stmt"/>
      <line num="14" count="0" type="stmt"/>
      <line num="16" count="0" type="stmt"/>
      <line num="22" count="7" type="cond" truecount="4" falsecount="0"/>
      <line num="23" count="2" type="stmt"/>
      <line num="26" count="5" type="stmt"/>
      <line num="28" count="14" type="stmt"/>
    </file>
    <file name="ui.js" path="/home/mpozo/pet_projects/ghAPI_pet_project/src/ui.js">
      <metrics statements="16" coveredstatements="16" conditionals="0" coveredconditionals="0" methods="5" coveredmethods="5"/>
      <line num="5" count="1" type="stmt"/>
      <line num="7" count="1" type="stmt"/>
      <line num="9" count="1" type="stmt"/>
      <line num="11" count="1" type="stmt"/>
      <line num="12" count="3" type="stmt"/>
      <line num="13" count="3" type="stmt"/>
      <line num="14" count="3" type="stmt"/>
      <line num="19" count="1" type="stmt"/>
      <line num="20" count="1" type="stmt"/>
      <line num="21" count="1" type="stmt"/>
      <line num="23" count="1" type="stmt"/>
      <line num="24" count="3" type="stmt"/>
      <line num="25" count="3" type="stmt"/>
      <line num="26" count="3" type="stmt"/>
      <line num="31" count="1" type="stmt"/>
      <line num="32" count="1" type="stmt"/>
    </file>
    <file name="utils.js" path="/home/mpozo/pet_projects/ghAPI_pet_project/src/utils.js">
      <metrics statements="3" coveredstatements="3" conditionals="1" coveredconditionals="1" methods="6" coveredmethods="6"/>
      <line num="3" count="7" type="stmt"/>
      <line num="8" count="12" type="stmt"/>
      <line num="13" count="5" type="stmt"/>
    </file>
  </project>
</coverage>
