{"/home/mpozo/pet_projects/ghAPI_pet_project/src/ui.js": {"path":"/home/mpozo/pet_projects/ghAPI_pet_project/src/ui.js","statementMap":{"0":{"start":{"line":5,"column":17},"end":{"line":5,"column":57}},"1":{"start":{"line":7,"column":4},"end":{"line":7,"column":24}},"2":{"start":{"line":9,"column":25},"end":{"line":9,"column":57}},"3":{"start":{"line":11,"column":4},"end":{"line":15,"column":7}},"4":{"start":{"line":12,"column":25},"end":{"line":12,"column":53}},"5":{"start":{"line":13,"column":8},"end":{"line":13,"column":79}},"6":{"start":{"line":14,"column":8},"end":{"line":14,"column":35}},"7":{"start":{"line":19,"column":24},"end":{"line":19,"column":55}},"8":{"start":{"line":20,"column":17},"end":{"line":20,"column":56}},"9":{"start":{"line":21,"column":4},"end":{"line":21,"column":24}},"10":{"start":{"line":23,"column":4},"end":{"line":27,"column":7}},"11":{"start":{"line":24,"column":25},"end":{"line":24,"column":53}},"12":{"start":{"line":25,"column":8},"end":{"line":25,"column":112}},"13":{"start":{"line":26,"column":8},"end":{"line":26,"column":35}},"14":{"start":{"line":31,"column":24},"end":{"line":31,"column":62}},"15":{"start":{"line":32,"column":4},"end":{"line":32,"column":51}}},"fnMap":{"0":{"name":"displayStarredRepos","decl":{"start":{"line":4,"column":16},"end":{"line":4,"column":35}},"loc":{"start":{"line":4,"column":49},"end":{"line":16,"column":1}},"line":4},"1":{"name":"(anonymous_1)","decl":{"start":{"line":11,"column":25},"end":{"line":11,"column":26}},"loc":{"start":{"line":11,"column":33},"end":{"line":15,"column":5}},"line":11},"2":{"name":"displayRecentRepos","decl":{"start":{"line":18,"column":16},"end":{"line":18,"column":34}},"loc":{"start":{"line":18,"column":49},"end":{"line":28,"column":1}},"line":18},"3":{"name":"(anonymous_3)","decl":{"start":{"line":23,"column":24},"end":{"line":23,"column":25}},"loc":{"start":{"line":23,"column":32},"end":{"line":27,"column":5}},"line":23},"4":{"name":"displayTotalStars","decl":{"start":{"line":30,"column":16},"end":{"line":30,"column":33}},"loc":{"start":{"line":30,"column":47},"end":{"line":33,"column":1}},"line":30}},"branchMap":{},"s":{"0":1,"1":1,"2":1,"3":1,"4":3,"5":3,"6":3,"7":1,"8":1,"9":1,"10":1,"11":3,"12":3,"13":3,"14":1,"15":1},"f":{"0":1,"1":3,"2":1,"3":3,"4":1},"b":{},"_coverageSchema":"1a1c01bbd47fc00a2c39e90264f33305004495a9","hash":"7fee40072b09927e0a78ff380bdcab1803c9243f"}
,"/home/mpozo/pet_projects/ghAPI_pet_project/src/utils.js": {"path":"/home/mpozo/pet_projects/ghAPI_pet_project/src/utils.js","statementMap":{"0":{"start":{"line":3,"column":4},"end":{"line":3,"column":66}},"1":{"start":{"line":3,"column":39},"end":{"line":3,"column":64}},"2":{"start":{"line":8,"column":4},"end":{"line":8,"column":104}},"3":{"start":{"line":8,"column":39},"end":{"line":8,"column":86}},"4":{"start":{"line":13,"column":4},"end":{"line":13,"column":78}},"5":{"start":{"line":13,"column":46},"end":{"line":13,"column":73}}},"fnMap":{"0":{"name":"filterStarredRepos","decl":{"start":{"line":2,"column":16},"end":{"line":2,"column":34}},"loc":{"start":{"line":2,"column":49},"end":{"line":4,"column":1}},"line":2},"1":{"name":"(anonymous_1)","decl":{"start":{"line":3,"column":31},"end":{"line":3,"column":32}},"loc":{"start":{"line":3,"column":39},"end":{"line":3,"column":64}},"line":3},"2":{"name":"sortByLastUpdated","decl":{"start":{"line":7,"column":16},"end":{"line":7,"column":33}},"loc":{"start":{"line":7,"column":57},"end":{"line":9,"column":1}},"line":7},"3":{"name":"(anonymous_3)","decl":{"start":{"line":8,"column":29},"end":{"line":8,"column":30}},"loc":{"start":{"line":8,"column":39},"end":{"line":8,"column":86}},"line":8},"4":{"name":"getStars","decl":{"start":{"line":12,"column":16},"end":{"line":12,"column":24}},"loc":{"start":{"line":12,"column":39},"end":{"line":14,"column":1}},"line":12},"5":{"name":"(anonymous_5)","decl":{"start":{"line":13,"column":31},"end":{"line":13,"column":32}},"loc":{"start":{"line":13,"column":46},"end":{"line":13,"column":73}},"line":13}},"branchMap":{"0":{"loc":{"start":{"line":7,"column":48},"end":{"line":7,"column":55}},"type":"default-arg","locations":[{"start":{"line":7,"column":54},"end":{"line":7,"column":55}}],"line":7}},"s":{"0":2,"1":7,"2":2,"3":12,"4":2,"5":5},"f":{"0":2,"1":7,"2":2,"3":12,"4":2,"5":5},"b":{"0":[0]},"_coverageSchema":"1a1c01bbd47fc00a2c39e90264f33305004495a9","hash":"4b37ee50a104d0715f3478d3c4f8bae67dc9dcd9"}
}
