TN:
SF:src/api.js
FN:2,fetchRepositories
FN:21,isResponseValid
FN:28,(anonymous_2)
FNF:3
FNH:2
FNDA:0,fetchRepositories
FNDA:7,isResponseValid
FNDA:14,(anonymous_2)
DA:3,0
DA:4,0
DA:5,0
DA:6,0
DA:8,0
DA:10,0
DA:11,0
DA:14,0
DA:16,0
DA:22,7
DA:23,2
DA:26,5
DA:28,14
LF:13
LH:4
BRDA:6,0,0,0
BRDA:6,0,1,0
BRDA:10,1,0,0
BRDA:10,1,1,0
BRDA:21,2,0,2
BRDA:22,3,0,2
BRDA:22,3,1,5
BRDA:22,4,0,7
BRDA:22,4,1,7
BRF:9
BRH:5
end_of_record
TN:
SF:src/ui.js
FN:4,displayStarredRepos
FN:11,(anonymous_1)
FN:18,displayRecentRepos
FN:23,(anonymous_3)
FN:30,displayTotalStars
FNF:5
FNH:5
FNDA:1,displayStarredRepos
FNDA:3,(anonymous_1)
FNDA:1,displayRecentRepos
FNDA:3,(anonymous_3)
FNDA:1,displayTotalStars
DA:5,1
DA:7,1
DA:9,1
DA:11,1
DA:12,3
DA:13,3
DA:14,3
DA:19,1
DA:20,1
DA:21,1
DA:23,1
DA:24,3
DA:25,3
DA:26,3
DA:31,1
DA:32,1
LF:16
LH:16
BRF:0
BRH:0
end_of_record
TN:
SF:src/utils.js
FN:2,filterStarredRepos
FN:3,(anonymous_1)
FN:7,sortByLastUpdated
FN:8,(anonymous_3)
FN:12,getStars
FN:13,(anonymous_5)
FNF:6
FNH:6
FNDA:3,filterStarredRepos
FNDA:7,(anonymous_1)
FNDA:3,sortByLastUpdated
FNDA:12,(anonymous_3)
FNDA:2,getStars
FNDA:5,(anonymous_5)
DA:3,7
DA:8,12
DA:13,5
LF:3
LH:3
BRDA:7,0,0,1
BRF:1
BRH:1
end_of_record
