TN:
SF:src/ui.js
FN:4,displayStarredRepos
FN:11,(anonymous_1)
FN:18,displayRecentRepos
FN:23,(anonymous_3)
FN:30,displayTotalStars
FNF:5
FNH:5
FNDA:1,displayStarredRepos
FNDA:3,(anonymous_1)
FNDA:1,displayRecentRepos
FNDA:3,(anonymous_3)
FNDA:1,displayTotalStars
DA:5,1
DA:7,1
DA:9,1
DA:11,1
DA:12,3
DA:13,3
DA:14,3
DA:19,1
DA:20,1
DA:21,1
DA:23,1
DA:24,3
DA:25,3
DA:26,3
DA:31,1
DA:32,1
LF:16
LH:16
BRF:0
BRH:0
end_of_record
TN:
SF:src/utils.js
FN:2,filterStarredRepos
FN:3,(anonymous_1)
FN:7,sortByLastUpdated
FN:8,(anonymous_3)
FN:12,getStars
FN:13,(anonymous_5)
FNF:6
FNH:6
FNDA:2,filterStarredRepos
FNDA:7,(anonymous_1)
FNDA:2,sortByLastUpdated
FNDA:12,(anonymous_3)
FNDA:2,getStars
FNDA:5,(anonymous_5)
DA:3,7
DA:8,12
DA:13,5
LF:3
LH:3
BRDA:7,0,0,0
BRF:1
BRH:0
end_of_record
